#-----------------------------------------------------------
# Vivado v2019.2 (64-bit)
# SW Build 2708876 on Wed Nov  6 21:40:23 MST 2019
# IP Build 2700528 on Thu Nov  7 00:09:20 MST 2019
# Start of session at: Tue Jul 21 11:29:11 2020
# Process ID: 4508
# Current directory: C:/Users/TanZh/Documents/cpu/HikariMIPS
# Command line: vivado.exe -gui_launcher_event rodinguilauncherevent13912 C:\Users\TanZh\Documents\cpu\HikariMIPS\HikariMIPS.xpr
# Log file: C:/Users/TanZh/Documents/cpu/HikariMIPS/vivado.log
# Journal file: C:/Users/TanZh/Documents/cpu/HikariMIPS\vivado.jou
#-----------------------------------------------------------
start_gui
open_project C:/Users/TanZh/Documents/cpu/HikariMIPS/HikariMIPS.xpr
INFO: [Project 1-313] Project file moved from 'D:/HikariMIPS' since last save.
Scanning sources...
Finished scanning sources
INFO: [IP_Flow 19-234] Refreshing IP repositories
INFO: [IP_Flow 19-1704] No user IP repositories specified
INFO: [IP_Flow 19-2313] Loaded Vivado IP repository 'C:/Xilinx/Vivado/2019.2/data/ip'.
open_project: Time (s): cpu = 00:00:12 ; elapsed = 00:00:07 . Memory (MB): peak = 923.324 ; gain = 253.691
update_compile_order -fileset sources_1
exit
INFO: [Common 17-206] Exiting Vivado at Tue Jul 21 16:55:41 2020...
