Copyright 1986-2019 Xilinx, Inc. All Rights Reserved.
-----------------------------------------------------------------------------------------
| Tool Version : Vivado v.2019.2 (win64) Build 2708876 Wed Nov  6 21:40:23 MST 2019
| Date         : Sat Jul  4 15:19:23 2020
| Host         : Blake-Belladonna running 64-bit major release  (build 9200)
| Command      : report_clock_utilization -file hikari_mips_clock_utilization_routed.rpt
| Design       : hikari_mips
| Device       : 7a200t-fbg676
| Speed File   : -2  PRODUCTION 1.23 2018-06-13
| Design State : Routed
-----------------------------------------------------------------------------------------

Clock Utilization Report

Table of Contents
-----------------
1. Clock Primitive Utilization
2. Global Clock Resources
3. Global Clock Source Details
4. Clock Regions: Key Resource Utilization
5. Clock Regions : Global Clock Summary
6. Device Cell Placement Summary for Global Clock g0
7. Device Cell Placement Summary for Global Clock g1
8. Device Cell Placement Summary for Global Clock g2
9. Device Cell Placement Summary for Global Clock g3
10. Device Cell Placement Summary for Global Clock g4
11. Device Cell Placement Summary for Global Clock g5
12. Clock Region Cell Placement per Global Clock: Region X0Y1
13. Clock Region Cell Placement per Global Clock: Region X0Y2

1. Clock Primitive Utilization
------------------------------

+----------+------+-----------+-----+--------------+--------+
| Type     | Used | Available | LOC | Clock Region | Pblock |
+----------+------+-----------+-----+--------------+--------+
| BUFGCTRL |    6 |        32 |   0 |            0 |      0 |
| BUFH     |    0 |       120 |   0 |            0 |      0 |
| BUFIO    |    0 |        40 |   0 |            0 |      0 |
| BUFMR    |    0 |        20 |   0 |            0 |      0 |
| BUFR     |    0 |        40 |   0 |            0 |      0 |
| MMCM     |    0 |        10 |   0 |            0 |      0 |
| PLL      |    0 |        10 |   0 |            0 |      0 |
+----------+------+-----------+-----+--------------+--------+


2. Global Clock Resources
-------------------------

+-----------+-----------+-----------------+------------+---------------+--------------+-------------------+-------------+-----------------+--------------+-------+-------------------------+---------------+
| Global Id | Source Id | Driver Type/Pin | Constraint | Site          | Clock Region | Load Clock Region | Clock Loads | Non-Clock Loads | Clock Period | Clock | Driver Pin              | Net           |
+-----------+-----------+-----------------+------------+---------------+--------------+-------------------+-------------+-----------------+--------------+-------+-------------------------+---------------+
| g0        | src0      | BUFG/O          | None       | BUFGCTRL_X0Y0 | n/a          |                 2 |        1663 |               0 |              |       | clk_IBUF_BUFG_inst/O    | clk_IBUF_BUFG |
| g1        | src1      | BUFG/O          | None       | BUFGCTRL_X0Y1 | n/a          |                 1 |          64 |               0 |              |       | accu_temp_reg[63]_i_2/O | accu_temp     |
| g2        | src2      | BUFG/O          | None       | BUFGCTRL_X0Y2 | n/a          |                 1 |          32 |               0 |              |       | n_0_107_BUFG_inst/O     | n_0_107_BUFG  |
| g3        | src3      | BUFG/O          | None       | BUFGCTRL_X0Y3 | n/a          |                 2 |          32 |               0 |              |       | n_1_178_BUFG_inst/O     | n_1_178_BUFG  |
| g4        | src4      | BUFG/O          | None       | BUFGCTRL_X0Y4 | n/a          |                 1 |          32 |               0 |              |       | n_2_3338_BUFG_inst/O    | n_2_3338_BUFG |
| g5        | src5      | BUFG/O          | None       | BUFGCTRL_X0Y5 | n/a          |                 1 |          32 |               0 |              |       | n_3_239_BUFG_inst/O     | n_3_239_BUFG  |
+-----------+-----------+-----------------+------------+---------------+--------------+-------------------+-------------+-----------------+--------------+-------+-------------------------+---------------+
* Clock Loads column represents the clock pin loads (pin count)
** Non-Clock Loads column represents the non-clock pin loads (pin count)


3. Global Clock Source Details
------------------------------

+-----------+-----------+-----------------+------------+---------------+--------------+-------------+-----------------+---------------------+--------------+----------------------------------+--------------------------------+
| Source Id | Global Id | Driver Type/Pin | Constraint | Site          | Clock Region | Clock Loads | Non-Clock Loads | Source Clock Period | Source Clock | Driver Pin                       | Net                            |
+-----------+-----------+-----------------+------------+---------------+--------------+-------------+-----------------+---------------------+--------------+----------------------------------+--------------------------------+
| src0      | g0        | IBUF/O          | None       | IOB_X1Y128    | X1Y2         |           1 |               0 |                     |              | clk_IBUF_inst/O                  | clk_IBUF                       |
| src1      | g1        | LUT6/O          | None       | SLICE_X23Y111 | X0Y2         |           1 |               4 |                     |              | id_ex0/pc[0]_i_4/O               | id_ex0/ex_aluop_reg[4]_0       |
| src2      | g2        | LUT3/O          | None       | SLICE_X21Y111 | X0Y2         |           1 |               2 |                     |              | id_ex0/n_0_107_BUFG_inst_i_1/O   | id_ex0/n_0_107_BUFG_inst_n_1   |
| src3      | g3        | LUT2/O          | None       | SLICE_X21Y111 | X0Y2         |           1 |               2 |                     |              | id_ex0/n_1_178_BUFG_inst_i_1/O   | id_ex0/n_1_178_BUFG_inst_n_2   |
| src4      | g4        | LUT6/O          | None       | SLICE_X0Y100  | X0Y2         |           1 |               1 |                     |              | ex_mem0/n_2_3338_BUFG_inst_i_1/O | ex_mem0/n_2_3338_BUFG_inst_n_3 |
| src5      | g5        | LUT2/O          | None       | SLICE_X16Y117 | X0Y2         |           1 |               0 |                     |              | id_ex0/n_3_239_BUFG_inst_i_1/O   | id_ex0/n_3_239_BUFG_inst_n_4   |
+-----------+-----------+-----------------+------------+---------------+--------------+-------------+-----------------+---------------------+--------------+----------------------------------+--------------------------------+
* Clock Loads column represents the clock pin loads (pin count)
** Non-Clock Loads column represents the non-clock pin loads (pin count)


4. Clock Regions: Key Resource Utilization
------------------------------------------

+-------------------+--------------+--------------+--------------+--------------+--------------+--------------+--------------+--------------+--------------+--------------+--------------+--------------+--------------+--------------+--------------+
|                   | Global Clock |     BUFRs    |    BUFMRs    |    BUFIOs    |     MMCM     |      PLL     |      GT      |      PCI     |    ILOGIC    |    OLOGIC    |      FF      |     LUTM     |    RAMB18    |    RAMB36    |    DSP48E2   |
+-------------------+------+-------+------+-------+------+-------+------+-------+------+-------+------+-------+------+-------+------+-------+------+-------+------+-------+------+-------+------+-------+------+-------+------+-------+------+-------+
| Clock Region Name | Used | Avail | Used | Avail | Used | Avail | Used | Avail | Used | Avail | Used | Avail | Used | Avail | Used | Avail | Used | Avail | Used | Avail | Used | Avail | Used | Avail | Used | Avail | Used | Avail | Used | Avail |
+-------------------+------+-------+------+-------+------+-------+------+-------+------+-------+------+-------+------+-------+------+-------+------+-------+------+-------+------+-------+------+-------+------+-------+------+-------+------+-------+
| X0Y0              |    0 |    12 |    0 |     4 |    0 |     2 |    0 |     4 |    0 |     1 |    0 |     1 |    0 |     4 |    0 |     0 |    0 |    50 |    0 |    50 |    0 |  2700 |    0 |   800 |    0 |    60 |    0 |    30 |    0 |    60 |
| X1Y0              |    0 |    12 |    0 |     4 |    0 |     2 |    0 |     4 |    0 |     1 |    0 |     1 |    0 |     4 |    0 |     0 |    0 |    50 |    0 |    50 |    0 |  2500 |    0 |   800 |    0 |    40 |    0 |    20 |    0 |    40 |
| X0Y1              |    3 |    12 |    0 |     4 |    0 |     2 |    0 |     4 |    0 |     1 |    0 |     1 |    0 |     0 |    0 |     0 |    0 |    50 |    0 |    50 | 1302 |  4200 |  415 |  1400 |    0 |   100 |    0 |    50 |    0 |   100 |
| X1Y1              |    0 |    12 |    0 |     4 |    0 |     2 |    0 |     4 |    0 |     1 |    0 |     1 |    0 |     0 |    0 |     0 |    0 |    50 |    0 |    50 |    0 |  4000 |    0 |  1400 |    0 |    80 |    0 |    40 |    0 |    80 |
| X0Y2              |    5 |    12 |    0 |     4 |    0 |     2 |    0 |     4 |    0 |     1 |    0 |     1 |    0 |     0 |    0 |     0 |    0 |    50 |    0 |    50 |  349 |  3600 |  170 |  1400 |    0 |   100 |    0 |    50 |    0 |   100 |
| X1Y2              |    0 |    12 |    0 |     4 |    0 |     2 |    0 |     4 |    0 |     1 |    0 |     1 |    0 |     0 |    0 |     0 |    0 |    50 |    0 |    50 |    0 |  4000 |    0 |  1400 |    0 |    80 |    0 |    40 |    0 |    80 |
| X0Y3              |    0 |    12 |    0 |     4 |    0 |     2 |    0 |     4 |    0 |     1 |    0 |     1 |    0 |     0 |    0 |     0 |    0 |    50 |    0 |    50 |    0 |  3600 |    0 |  1400 |    0 |   100 |    0 |    50 |    0 |   100 |
| X1Y3              |    0 |    12 |    0 |     4 |    0 |     2 |    0 |     4 |    0 |     1 |    0 |     1 |    0 |     0 |    0 |     0 |    0 |    50 |    0 |    50 |    0 |  4000 |    0 |  1400 |    0 |    80 |    0 |    40 |    0 |    80 |
| X0Y4              |    0 |    12 |    0 |     4 |    0 |     2 |    0 |     4 |    0 |     1 |    0 |     1 |    0 |     4 |    0 |     1 |    0 |    50 |    0 |    50 |    0 |  2550 |    0 |   750 |    0 |    50 |    0 |    25 |    0 |    60 |
| X1Y4              |    0 |    12 |    0 |     4 |    0 |     2 |    0 |     4 |    0 |     1 |    0 |     1 |    0 |     4 |    0 |     0 |    0 |    50 |    0 |    50 |    0 |  2500 |    0 |   800 |    0 |    40 |    0 |    20 |    0 |    40 |
+-------------------+------+-------+------+-------+------+-------+------+-------+------+-------+------+-------+------+-------+------+-------+------+-------+------+-------+------+-------+------+-------+------+-------+------+-------+------+-------+
* Global Clock column represents track count; while other columns represents cell counts


5. Clock Regions : Global Clock Summary
---------------------------------------

All Modules
+----+----+----+
|    | X0 | X1 |
+----+----+----+
| Y4 |  0 |  0 |
| Y3 |  0 |  0 |
| Y2 |  5 |  0 |
| Y1 |  3 |  0 |
| Y0 |  0 |  0 |
+----+----+----+


6. Device Cell Placement Summary for Global Clock g0
----------------------------------------------------

+-----------+-----------------+-------------------+-------+-------------+---------------+-------------+----------+----------------+----------+---------------+
| Global Id | Driver Type/Pin | Driver Region (D) | Clock | Period (ns) | Waveform (ns) | Slice Loads | IO Loads | Clocking Loads | GT Loads | Net           |
+-----------+-----------------+-------------------+-------+-------------+---------------+-------------+----------+----------------+----------+---------------+
| g0        | BUFG/O          | n/a               |       |             |               |        1651 |        0 |              0 |        0 | clk_IBUF_BUFG |
+-----------+-----------------+-------------------+-------+-------------+---------------+-------------+----------+----------------+----------+---------------+
* Slice Loads column represents load cell count of all cell types other than IO, GT and clock resources
** IO Loads column represents load cell count of IO types
*** Clocking Loads column represents load cell count that are clock resources (global clock buffer, MMCM, PLL, etc)
**** GT Loads column represents load cell count of GT types


+----+-------+----+
|    | X0    | X1 |
+----+-------+----+
| Y4 |     0 |  0 |
| Y3 |     0 |  0 |
| Y2 |   349 |  0 |
| Y1 |  1302 |  0 |
| Y0 |     0 |  0 |
+----+-------+----+


7. Device Cell Placement Summary for Global Clock g1
----------------------------------------------------

+-----------+-----------------+-------------------+-------+-------------+---------------+-------------+----------+----------------+----------+-----------+
| Global Id | Driver Type/Pin | Driver Region (D) | Clock | Period (ns) | Waveform (ns) | Slice Loads | IO Loads | Clocking Loads | GT Loads | Net       |
+-----------+-----------------+-------------------+-------+-------------+---------------+-------------+----------+----------------+----------+-----------+
| g1        | BUFG/O          | n/a               |       |             |               |          64 |        0 |              0 |        0 | accu_temp |
+-----------+-----------------+-------------------+-------+-------------+---------------+-------------+----------+----------------+----------+-----------+
* Slice Loads column represents load cell count of all cell types other than IO, GT and clock resources
** IO Loads column represents load cell count of IO types
*** Clocking Loads column represents load cell count that are clock resources (global clock buffer, MMCM, PLL, etc)
**** GT Loads column represents load cell count of GT types


+----+-----+----+
|    | X0  | X1 |
+----+-----+----+
| Y4 |   0 |  0 |
| Y3 |   0 |  0 |
| Y2 |   0 |  0 |
| Y1 |  64 |  0 |
| Y0 |   0 |  0 |
+----+-----+----+


8. Device Cell Placement Summary for Global Clock g2
----------------------------------------------------

+-----------+-----------------+-------------------+-------+-------------+---------------+-------------+----------+----------------+----------+--------------+
| Global Id | Driver Type/Pin | Driver Region (D) | Clock | Period (ns) | Waveform (ns) | Slice Loads | IO Loads | Clocking Loads | GT Loads | Net          |
+-----------+-----------------+-------------------+-------+-------------+---------------+-------------+----------+----------------+----------+--------------+
| g2        | BUFG/O          | n/a               |       |             |               |          32 |        0 |              0 |        0 | n_0_107_BUFG |
+-----------+-----------------+-------------------+-------+-------------+---------------+-------------+----------+----------------+----------+--------------+
* Slice Loads column represents load cell count of all cell types other than IO, GT and clock resources
** IO Loads column represents load cell count of IO types
*** Clocking Loads column represents load cell count that are clock resources (global clock buffer, MMCM, PLL, etc)
**** GT Loads column represents load cell count of GT types


+----+-----+----+
|    | X0  | X1 |
+----+-----+----+
| Y4 |   0 |  0 |
| Y3 |   0 |  0 |
| Y2 |  32 |  0 |
| Y1 |   0 |  0 |
| Y0 |   0 |  0 |
+----+-----+----+


9. Device Cell Placement Summary for Global Clock g3
----------------------------------------------------

+-----------+-----------------+-------------------+-------+-------------+---------------+-------------+----------+----------------+----------+--------------+
| Global Id | Driver Type/Pin | Driver Region (D) | Clock | Period (ns) | Waveform (ns) | Slice Loads | IO Loads | Clocking Loads | GT Loads | Net          |
+-----------+-----------------+-------------------+-------+-------------+---------------+-------------+----------+----------------+----------+--------------+
| g3        | BUFG/O          | n/a               |       |             |               |          32 |        0 |              0 |        0 | n_1_178_BUFG |
+-----------+-----------------+-------------------+-------+-------------+---------------+-------------+----------+----------------+----------+--------------+
* Slice Loads column represents load cell count of all cell types other than IO, GT and clock resources
** IO Loads column represents load cell count of IO types
*** Clocking Loads column represents load cell count that are clock resources (global clock buffer, MMCM, PLL, etc)
**** GT Loads column represents load cell count of GT types


+----+-----+----+
|    | X0  | X1 |
+----+-----+----+
| Y4 |   0 |  0 |
| Y3 |   0 |  0 |
| Y2 |  31 |  0 |
| Y1 |   1 |  0 |
| Y0 |   0 |  0 |
+----+-----+----+


10. Device Cell Placement Summary for Global Clock g4
-----------------------------------------------------

+-----------+-----------------+-------------------+-------+-------------+---------------+-------------+----------+----------------+----------+---------------+
| Global Id | Driver Type/Pin | Driver Region (D) | Clock | Period (ns) | Waveform (ns) | Slice Loads | IO Loads | Clocking Loads | GT Loads | Net           |
+-----------+-----------------+-------------------+-------+-------------+---------------+-------------+----------+----------------+----------+---------------+
| g4        | BUFG/O          | n/a               |       |             |               |          32 |        0 |              0 |        0 | n_2_3338_BUFG |
+-----------+-----------------+-------------------+-------+-------------+---------------+-------------+----------+----------------+----------+---------------+
* Slice Loads column represents load cell count of all cell types other than IO, GT and clock resources
** IO Loads column represents load cell count of IO types
*** Clocking Loads column represents load cell count that are clock resources (global clock buffer, MMCM, PLL, etc)
**** GT Loads column represents load cell count of GT types


+----+-----+----+
|    | X0  | X1 |
+----+-----+----+
| Y4 |   0 |  0 |
| Y3 |   0 |  0 |
| Y2 |  32 |  0 |
| Y1 |   0 |  0 |
| Y0 |   0 |  0 |
+----+-----+----+


11. Device Cell Placement Summary for Global Clock g5
-----------------------------------------------------

+-----------+-----------------+-------------------+-------+-------------+---------------+-------------+----------+----------------+----------+--------------+
| Global Id | Driver Type/Pin | Driver Region (D) | Clock | Period (ns) | Waveform (ns) | Slice Loads | IO Loads | Clocking Loads | GT Loads | Net          |
+-----------+-----------------+-------------------+-------+-------------+---------------+-------------+----------+----------------+----------+--------------+
| g5        | BUFG/O          | n/a               |       |             |               |          32 |        0 |              0 |        0 | n_3_239_BUFG |
+-----------+-----------------+-------------------+-------+-------------+---------------+-------------+----------+----------------+----------+--------------+
* Slice Loads column represents load cell count of all cell types other than IO, GT and clock resources
** IO Loads column represents load cell count of IO types
*** Clocking Loads column represents load cell count that are clock resources (global clock buffer, MMCM, PLL, etc)
**** GT Loads column represents load cell count of GT types


+----+-----+----+
|    | X0  | X1 |
+----+-----+----+
| Y4 |   0 |  0 |
| Y3 |   0 |  0 |
| Y2 |  32 |  0 |
| Y1 |   0 |  0 |
| Y0 |   0 |  0 |
+----+-----+----+


12. Clock Region Cell Placement per Global Clock: Region X0Y1
-------------------------------------------------------------

+-----------+-------+-----------------+------------+-------------+-----------------+------+--------+------+-----+----+------+-----+---------+---------------+
| Global Id | Track | Driver Type/Pin | Constraint | Clock Loads | Non-Clock Loads | FF   | LUTRAM | RAMB | DSP | GT | MMCM | PLL | Hard IP | Net           |
+-----------+-------+-----------------+------------+-------------+-----------------+------+--------+------+-----+----+------+-----+---------+---------------+
| g0        | n/a   | BUFG/O          | None       |        1302 |               0 | 1302 |      0 |    0 |   0 |  0 |    0 |   0 |       0 | clk_IBUF_BUFG |
| g1        | n/a   | BUFG/O          | None       |          64 |               0 |    0 |      0 |    0 |   0 |  0 |    0 |   0 |       0 | accu_temp     |
| g3        | n/a   | BUFG/O          | None       |           1 |               0 |    0 |      0 |    0 |   0 |  0 |    0 |   0 |       0 | n_1_178_BUFG  |
+-----------+-------+-----------------+------------+-------------+-----------------+------+--------+------+-----+----+------+-----+---------+---------------+
* Clock Loads column represents the clock pin loads (pin count)
** Non-Clock Loads column represents the non-clock pin loads (pin count)
*** Columns FF, LUTRAM, RAMB through 'Hard IP' represents load cell counts


13. Clock Region Cell Placement per Global Clock: Region X0Y2
-------------------------------------------------------------

+-----------+-------+-----------------+------------+-------------+-----------------+-----+--------+------+-----+----+------+-----+---------+---------------+
| Global Id | Track | Driver Type/Pin | Constraint | Clock Loads | Non-Clock Loads | FF  | LUTRAM | RAMB | DSP | GT | MMCM | PLL | Hard IP | Net           |
+-----------+-------+-----------------+------------+-------------+-----------------+-----+--------+------+-----+----+------+-----+---------+---------------+
| g0        | n/a   | BUFG/O          | None       |         349 |               0 | 349 |      0 |    0 |   0 |  0 |    0 |   0 |       0 | clk_IBUF_BUFG |
| g2        | n/a   | BUFG/O          | None       |          32 |               0 |   0 |      0 |    0 |   0 |  0 |    0 |   0 |       0 | n_0_107_BUFG  |
| g3        | n/a   | BUFG/O          | None       |          31 |               0 |   0 |      0 |    0 |   0 |  0 |    0 |   0 |       0 | n_1_178_BUFG  |
| g4        | n/a   | BUFG/O          | None       |          32 |               0 |   0 |      0 |    0 |   0 |  0 |    0 |   0 |       0 | n_2_3338_BUFG |
| g5        | n/a   | BUFG/O          | None       |          32 |               0 |   0 |      0 |    0 |   0 |  0 |    0 |   0 |       0 | n_3_239_BUFG  |
+-----------+-------+-----------------+------------+-------------+-----------------+-----+--------+------+-----+----+------+-----+---------+---------------+
* Clock Loads column represents the clock pin loads (pin count)
** Non-Clock Loads column represents the non-clock pin loads (pin count)
*** Columns FF, LUTRAM, RAMB through 'Hard IP' represents load cell counts



# Location of BUFG Primitives 
set_property LOC BUFGCTRL_X0Y5 [get_cells n_3_239_BUFG_inst]
set_property LOC BUFGCTRL_X0Y4 [get_cells n_2_3338_BUFG_inst]
set_property LOC BUFGCTRL_X0Y3 [get_cells n_1_178_BUFG_inst]
set_property LOC BUFGCTRL_X0Y2 [get_cells n_0_107_BUFG_inst]
set_property LOC BUFGCTRL_X0Y0 [get_cells clk_IBUF_BUFG_inst]
set_property LOC BUFGCTRL_X0Y1 [get_cells accu_temp_reg[63]_i_2]

# Location of IO Primitives which is load of clock spine

# Location of clock ports
set_property LOC IOB_X1Y128 [get_ports clk]

# Clock net "n_3_239_BUFG" driven by instance "n_3_239_BUFG_inst" located at site "BUFGCTRL_X0Y5"
#startgroup
create_pblock {CLKAG_n_3_239_BUFG}
add_cells_to_pblock [get_pblocks  {CLKAG_n_3_239_BUFG}] [get_cells -filter { PRIMITIVE_GROUP != I/O && IS_PRIMITIVE==1 && PRIMITIVE_LEVEL !=INTERNAL } -of_object [get_pins -filter {DIRECTION==IN} -of_objects [get_nets -hierarchical -filter {PARENT=="n_3_239_BUFG"}]]]
resize_pblock [get_pblocks {CLKAG_n_3_239_BUFG}] -add {CLOCKREGION_X0Y2:CLOCKREGION_X0Y2}
#endgroup

# Clock net "n_2_3338_BUFG" driven by instance "n_2_3338_BUFG_inst" located at site "BUFGCTRL_X0Y4"
#startgroup
create_pblock {CLKAG_n_2_3338_BUFG}
add_cells_to_pblock [get_pblocks  {CLKAG_n_2_3338_BUFG}] [get_cells -filter { PRIMITIVE_GROUP != I/O && IS_PRIMITIVE==1 && PRIMITIVE_LEVEL !=INTERNAL } -of_object [get_pins -filter {DIRECTION==IN} -of_objects [get_nets -hierarchical -filter {PARENT=="n_2_3338_BUFG"}]]]
resize_pblock [get_pblocks {CLKAG_n_2_3338_BUFG}] -add {CLOCKREGION_X0Y2:CLOCKREGION_X0Y2}
#endgroup

# Clock net "n_1_178_BUFG" driven by instance "n_1_178_BUFG_inst" located at site "BUFGCTRL_X0Y3"
#startgroup
create_pblock {CLKAG_n_1_178_BUFG}
add_cells_to_pblock [get_pblocks  {CLKAG_n_1_178_BUFG}] [get_cells -filter { PRIMITIVE_GROUP != I/O && IS_PRIMITIVE==1 && PRIMITIVE_LEVEL !=INTERNAL } -of_object [get_pins -filter {DIRECTION==IN} -of_objects [get_nets -hierarchical -filter {PARENT=="n_1_178_BUFG"}]]]
resize_pblock [get_pblocks {CLKAG_n_1_178_BUFG}] -add {CLOCKREGION_X0Y1:CLOCKREGION_X0Y1 CLOCKREGION_X0Y2:CLOCKREGION_X0Y2}
#endgroup

# Clock net "n_0_107_BUFG" driven by instance "n_0_107_BUFG_inst" located at site "BUFGCTRL_X0Y2"
#startgroup
create_pblock {CLKAG_n_0_107_BUFG}
add_cells_to_pblock [get_pblocks  {CLKAG_n_0_107_BUFG}] [get_cells -filter { PRIMITIVE_GROUP != I/O && IS_PRIMITIVE==1 && PRIMITIVE_LEVEL !=INTERNAL } -of_object [get_pins -filter {DIRECTION==IN} -of_objects [get_nets -hierarchical -filter {PARENT=="n_0_107_BUFG"}]]]
resize_pblock [get_pblocks {CLKAG_n_0_107_BUFG}] -add {CLOCKREGION_X0Y2:CLOCKREGION_X0Y2}
#endgroup

# Clock net "clk_IBUF_BUFG" driven by instance "clk_IBUF_BUFG_inst" located at site "BUFGCTRL_X0Y0"
#startgroup
create_pblock {CLKAG_clk_IBUF_BUFG}
add_cells_to_pblock [get_pblocks  {CLKAG_clk_IBUF_BUFG}] [get_cells -filter { PRIMITIVE_GROUP != I/O && IS_PRIMITIVE==1 && PRIMITIVE_LEVEL !=INTERNAL } -of_object [get_pins -filter {DIRECTION==IN} -of_objects [get_nets -hierarchical -filter {PARENT=="clk_IBUF_BUFG"}]]]
resize_pblock [get_pblocks {CLKAG_clk_IBUF_BUFG}] -add {CLOCKREGION_X0Y1:CLOCKREGION_X0Y1 CLOCKREGION_X0Y2:CLOCKREGION_X0Y2}
#endgroup

# Clock net "accu_temp" driven by instance "accu_temp_reg[63]_i_2" located at site "BUFGCTRL_X0Y1"
#startgroup
create_pblock {CLKAG_accu_temp}
add_cells_to_pblock [get_pblocks  {CLKAG_accu_temp}] [get_cells -filter { PRIMITIVE_GROUP != I/O && IS_PRIMITIVE==1 && PRIMITIVE_LEVEL !=INTERNAL } -of_object [get_pins -filter {DIRECTION==IN} -of_objects [get_nets -hierarchical -filter {PARENT=="accu_temp"}]]]
resize_pblock [get_pblocks {CLKAG_accu_temp}] -add {CLOCKREGION_X0Y1:CLOCKREGION_X0Y1}
#endgroup
